<?xml version="1.0" encoding="UTF-8"?>
<robot generator="Robot 3.1.2 (Python 3.8.1 on win32)" generated="20200415 10:00:37.591" rpa="false">
<suite id="s1" name="rfAppium" source="C:\Users\honka\rfAppium.robot">
<test id="s1-t1" name="First Test Case">
<kw name="Open My Application" type="setup">
<kw name="Open Application" library="AppiumLibrary">
<doc>Opens a new application to given Appium server.
Capabilities of appium server, Android and iOS,
Please check https://github.com/appium/appium/blob/master/docs/en/writing-running-appium/server-args.md
| *Option*            | *Man.* | *Description*     |
| remote_url          | Yes    | Appium server url |
| alias               | no     | alias             |</doc>
<arguments>
<arg>http://localhost:4723/wd/hub</arg>
<arg>platformName=Android</arg>
<arg>platformVersion=8.0.0</arg>
<arg>deviceName= 8NH4C17214000986</arg>
<arg>automationName=uiautomator2</arg>
<arg>app=C:/Users/honka/AndroidStudioProjects/BMIApp/app/build/outputs/apk/debug/app-debug.apk</arg>
<arg>appPackage=fi.example.bmiapp</arg>
<arg>appActivity=fi.example.bmiappesp.MainActivity</arg>
<arg>skipDeviceInitialization=true</arg>
<arg>noReset=true</arg>
</arguments>
<status status="PASS" starttime="20200415 10:00:37.846" endtime="20200415 10:00:50.181"></status>
</kw>
<status status="PASS" starttime="20200415 10:00:37.845" endtime="20200415 10:00:50.181"></status>
</kw>
<kw name="Validate First View">
<kw name="Wait Until Page Contains" library="AppiumLibrary">
<doc>Waits until `text` appears on current page.</doc>
<arguments>
<arg>titleText</arg>
</arguments>
<status status="PASS" starttime="20200415 10:00:50.183" endtime="20200415 10:00:50.794"></status>
</kw>
<kw name="Element Should Contain Text" library="AppiumLibrary">
<doc>Verifies element identified by ``locator`` contains text ``expected``.</doc>
<arguments>
<arg>editPituus</arg>
<arg>${EMPTY}</arg>
</arguments>
<msg timestamp="20200415 10:00:50.799" level="INFO">Verifying element 'editPituus' contains text ''.</msg>
<status status="PASS" starttime="20200415 10:00:50.794" endtime="20200415 10:00:50.939"></status>
</kw>
<kw name="Element Should Contain Text" library="AppiumLibrary">
<doc>Verifies element identified by ``locator`` contains text ``expected``.</doc>
<arguments>
<arg>editPaino</arg>
<arg>${EMPTY}</arg>
</arguments>
<msg timestamp="20200415 10:00:50.940" level="INFO">Verifying element 'editPaino' contains text ''.</msg>
<status status="PASS" starttime="20200415 10:00:50.939" endtime="20200415 10:00:51.075"></status>
</kw>
<kw name="Wait Until Page Contains" library="AppiumLibrary">
<doc>Waits until `text` appears on current page.</doc>
<arguments>
<arg>laskeButton</arg>
</arguments>
<status status="PASS" starttime="20200415 10:00:51.076" endtime="20200415 10:00:51.260"></status>
</kw>
<status status="PASS" starttime="20200415 10:00:50.182" endtime="20200415 10:00:51.261"></status>
</kw>
<kw name="Close Application" library="AppiumLibrary" type="teardown">
<doc>Closes the current application and also close webdriver session.</doc>
<status status="PASS" starttime="20200415 10:00:51.263" endtime="20200415 10:00:51.601"></status>
</kw>
<status status="PASS" starttime="20200415 10:00:37.845" endtime="20200415 10:00:51.602" critical="yes"></status>
</test>
<test id="s1-t2" name="Second Test Case">
<kw name="Open My Application" type="setup">
<kw name="Open Application" library="AppiumLibrary">
<doc>Opens a new application to given Appium server.
Capabilities of appium server, Android and iOS,
Please check https://github.com/appium/appium/blob/master/docs/en/writing-running-appium/server-args.md
| *Option*            | *Man.* | *Description*     |
| remote_url          | Yes    | Appium server url |
| alias               | no     | alias             |</doc>
<arguments>
<arg>http://localhost:4723/wd/hub</arg>
<arg>platformName=Android</arg>
<arg>platformVersion=8.0.0</arg>
<arg>deviceName= 8NH4C17214000986</arg>
<arg>automationName=uiautomator2</arg>
<arg>app=C:/Users/honka/AndroidStudioProjects/BMIApp/app/build/outputs/apk/debug/app-debug.apk</arg>
<arg>appPackage=fi.example.bmiapp</arg>
<arg>appActivity=fi.example.bmiappesp.MainActivity</arg>
<arg>skipDeviceInitialization=true</arg>
<arg>noReset=true</arg>
</arguments>
<status status="PASS" starttime="20200415 10:00:51.603" endtime="20200415 10:01:03.971"></status>
</kw>
<status status="PASS" starttime="20200415 10:00:51.603" endtime="20200415 10:01:03.971"></status>
</kw>
<kw name="Leave Input Empty">
<kw name="Wait Until Page Contains" library="AppiumLibrary">
<doc>Waits until `text` appears on current page.</doc>
<arguments>
<arg>editPituus</arg>
</arguments>
<status status="PASS" starttime="20200415 10:01:03.974" endtime="20200415 10:01:04.223"></status>
</kw>
<kw name="Input Text" library="AppiumLibrary">
<doc>Types the given `text` into text field identified by `locator`.</doc>
<arguments>
<arg>editPituus</arg>
<arg>170</arg>
</arguments>
<msg timestamp="20200415 10:01:04.228" level="INFO">Typing text '170' into text field 'editPituus'</msg>
<status status="PASS" starttime="20200415 10:01:04.223" endtime="20200415 10:01:04.470"></status>
</kw>
<kw name="Tap" library="AppiumLibrary">
<doc>Tap element identified by ``locator``.</doc>
<arguments>
<arg>laskeButton</arg>
</arguments>
<status status="PASS" starttime="20200415 10:01:04.471" endtime="20200415 10:01:05.201"></status>
</kw>
<status status="PASS" starttime="20200415 10:01:03.973" endtime="20200415 10:01:05.201"></status>
</kw>
<kw name="Validate Second Test">
<kw name="Element Text Should Be" library="AppiumLibrary">
<doc>Verifies element identified by ``locator`` exactly contains text ``expected``.</doc>
<arguments>
<arg>editPituus</arg>
<arg>170</arg>
</arguments>
<msg timestamp="20200415 10:01:05.207" level="INFO">Verifying element 'editPituus' contains exactly text '170'.</msg>
<status status="PASS" starttime="20200415 10:01:05.204" endtime="20200415 10:01:06.110"></status>
</kw>
<kw name="Wait Until Page Contains Element" library="AppiumLibrary">
<doc>Waits until element specified with `locator` appears on current page.</doc>
<arguments>
<arg>//*["Kirjoita paino!"]</arg>
</arguments>
<status status="PASS" starttime="20200415 10:01:06.111" endtime="20200415 10:01:06.503"></status>
</kw>
<status status="PASS" starttime="20200415 10:01:05.203" endtime="20200415 10:01:06.504"></status>
</kw>
<kw name="Close Application" library="AppiumLibrary" type="teardown">
<doc>Closes the current application and also close webdriver session.</doc>
<status status="PASS" starttime="20200415 10:01:06.506" endtime="20200415 10:01:06.931"></status>
</kw>
<status status="PASS" starttime="20200415 10:00:51.603" endtime="20200415 10:01:06.931" critical="yes"></status>
</test>
<test id="s1-t3" name="Third Test Case">
<kw name="Open My Application" type="setup">
<kw name="Open Application" library="AppiumLibrary">
<doc>Opens a new application to given Appium server.
Capabilities of appium server, Android and iOS,
Please check https://github.com/appium/appium/blob/master/docs/en/writing-running-appium/server-args.md
| *Option*            | *Man.* | *Description*     |
| remote_url          | Yes    | Appium server url |
| alias               | no     | alias             |</doc>
<arguments>
<arg>http://localhost:4723/wd/hub</arg>
<arg>platformName=Android</arg>
<arg>platformVersion=8.0.0</arg>
<arg>deviceName= 8NH4C17214000986</arg>
<arg>automationName=uiautomator2</arg>
<arg>app=C:/Users/honka/AndroidStudioProjects/BMIApp/app/build/outputs/apk/debug/app-debug.apk</arg>
<arg>appPackage=fi.example.bmiapp</arg>
<arg>appActivity=fi.example.bmiappesp.MainActivity</arg>
<arg>skipDeviceInitialization=true</arg>
<arg>noReset=true</arg>
</arguments>
<status status="PASS" starttime="20200415 10:01:06.933" endtime="20200415 10:01:19.350"></status>
</kw>
<status status="PASS" starttime="20200415 10:01:06.933" endtime="20200415 10:01:19.350"></status>
</kw>
<kw name="Add Inalid Values">
<kw name="Wait Until Page Contains" library="AppiumLibrary">
<doc>Waits until `text` appears on current page.</doc>
<arguments>
<arg>editPituus</arg>
</arguments>
<status status="PASS" starttime="20200415 10:01:19.352" endtime="20200415 10:01:19.608"></status>
</kw>
<kw name="Input Text" library="AppiumLibrary">
<doc>Types the given `text` into text field identified by `locator`.</doc>
<arguments>
<arg>editPituus</arg>
<arg>170</arg>
</arguments>
<msg timestamp="20200415 10:01:19.614" level="INFO">Typing text '170' into text field 'editPituus'</msg>
<status status="PASS" starttime="20200415 10:01:19.609" endtime="20200415 10:01:19.843"></status>
</kw>
<kw name="Input Text" library="AppiumLibrary">
<doc>Types the given `text` into text field identified by `locator`.</doc>
<arguments>
<arg>editPaino</arg>
<arg>20</arg>
</arguments>
<msg timestamp="20200415 10:01:19.848" level="INFO">Typing text '20' into text field 'editPaino'</msg>
<status status="PASS" starttime="20200415 10:01:19.843" endtime="20200415 10:01:20.501"></status>
</kw>
<kw name="Tap" library="AppiumLibrary">
<doc>Tap element identified by ``locator``.</doc>
<arguments>
<arg>laskeButton</arg>
</arguments>
<status status="PASS" starttime="20200415 10:01:20.501" endtime="20200415 10:01:21.233"></status>
</kw>
<status status="PASS" starttime="20200415 10:01:19.351" endtime="20200415 10:01:21.234"></status>
</kw>
<kw name="Validate Third Case">
<kw name="Element Text Should Be" library="AppiumLibrary">
<doc>Verifies element identified by ``locator`` exactly contains text ``expected``.</doc>
<arguments>
<arg>editPituus</arg>
<arg>170</arg>
</arguments>
<msg timestamp="20200415 10:01:21.240" level="INFO">Verifying element 'editPituus' contains exactly text '170'.</msg>
<status status="PASS" starttime="20200415 10:01:21.235" endtime="20200415 10:01:22.149"></status>
</kw>
<kw name="Element Text Should Be" library="AppiumLibrary">
<doc>Verifies element identified by ``locator`` exactly contains text ``expected``.</doc>
<arguments>
<arg>editPaino</arg>
<arg>20</arg>
</arguments>
<msg timestamp="20200415 10:01:22.155" level="INFO">Verifying element 'editPaino' contains exactly text '20'.</msg>
<status status="PASS" starttime="20200415 10:01:22.150" endtime="20200415 10:01:22.303"></status>
</kw>
<kw name="Wait Until Page Contains Element" library="AppiumLibrary">
<doc>Waits until element specified with `locator` appears on current page.</doc>
<arguments>
<arg>//*["30 - 220"]</arg>
</arguments>
<status status="PASS" starttime="20200415 10:01:22.303" endtime="20200415 10:01:22.663"></status>
</kw>
<status status="PASS" starttime="20200415 10:01:21.234" endtime="20200415 10:01:22.663"></status>
</kw>
<kw name="Close Application" library="AppiumLibrary" type="teardown">
<doc>Closes the current application and also close webdriver session.</doc>
<status status="PASS" starttime="20200415 10:01:22.664" endtime="20200415 10:01:23.057"></status>
</kw>
<status status="PASS" starttime="20200415 10:01:06.932" endtime="20200415 10:01:23.057" critical="yes"></status>
</test>
<test id="s1-t4" name="Fourth Test Case">
<kw name="Open My Application" type="setup">
<kw name="Open Application" library="AppiumLibrary">
<doc>Opens a new application to given Appium server.
Capabilities of appium server, Android and iOS,
Please check https://github.com/appium/appium/blob/master/docs/en/writing-running-appium/server-args.md
| *Option*            | *Man.* | *Description*     |
| remote_url          | Yes    | Appium server url |
| alias               | no     | alias             |</doc>
<arguments>
<arg>http://localhost:4723/wd/hub</arg>
<arg>platformName=Android</arg>
<arg>platformVersion=8.0.0</arg>
<arg>deviceName= 8NH4C17214000986</arg>
<arg>automationName=uiautomator2</arg>
<arg>app=C:/Users/honka/AndroidStudioProjects/BMIApp/app/build/outputs/apk/debug/app-debug.apk</arg>
<arg>appPackage=fi.example.bmiapp</arg>
<arg>appActivity=fi.example.bmiappesp.MainActivity</arg>
<arg>skipDeviceInitialization=true</arg>
<arg>noReset=true</arg>
</arguments>
<status status="PASS" starttime="20200415 10:01:23.059" endtime="20200415 10:01:35.438"></status>
</kw>
<status status="PASS" starttime="20200415 10:01:23.059" endtime="20200415 10:01:35.439"></status>
</kw>
<kw name="Add Valid Values">
<kw name="Wait Until Page Contains" library="AppiumLibrary">
<doc>Waits until `text` appears on current page.</doc>
<arguments>
<arg>editPituus</arg>
</arguments>
<status status="PASS" starttime="20200415 10:01:35.442" endtime="20200415 10:01:35.692"></status>
</kw>
<kw name="Input Text" library="AppiumLibrary">
<doc>Types the given `text` into text field identified by `locator`.</doc>
<arguments>
<arg>editPituus</arg>
<arg>170</arg>
</arguments>
<msg timestamp="20200415 10:01:35.697" level="INFO">Typing text '170' into text field 'editPituus'</msg>
<status status="PASS" starttime="20200415 10:01:35.692" endtime="20200415 10:01:35.953"></status>
</kw>
<kw name="Input Text" library="AppiumLibrary">
<doc>Types the given `text` into text field identified by `locator`.</doc>
<arguments>
<arg>editPaino</arg>
<arg>65</arg>
</arguments>
<msg timestamp="20200415 10:01:35.958" level="INFO">Typing text '65' into text field 'editPaino'</msg>
<status status="PASS" starttime="20200415 10:01:35.954" endtime="20200415 10:01:36.602"></status>
</kw>
<kw name="Tap" library="AppiumLibrary">
<doc>Tap element identified by ``locator``.</doc>
<arguments>
<arg>laskeButton</arg>
</arguments>
<status status="PASS" starttime="20200415 10:01:36.602" endtime="20200415 10:01:37.324"></status>
</kw>
<status status="PASS" starttime="20200415 10:01:35.441" endtime="20200415 10:01:37.325"></status>
</kw>
<kw name="Validate Second View">
<kw name="Wait Until Page Contains" library="AppiumLibrary">
<doc>Waits until `text` appears on current page.</doc>
<arguments>
<arg>tulosTitleView</arg>
</arguments>
<status status="PASS" starttime="20200415 10:01:37.326" endtime="20200415 10:01:38.543"></status>
</kw>
<kw name="Element Text Should Be" library="AppiumLibrary">
<doc>Verifies element identified by ``locator`` exactly contains text ``expected``.</doc>
<arguments>
<arg>resultView</arg>
<arg>22,5</arg>
</arguments>
<msg timestamp="20200415 10:01:38.549" level="INFO">Verifying element 'resultView' contains exactly text '22,5'.</msg>
<status status="PASS" starttime="20200415 10:01:38.544" endtime="20200415 10:01:38.674"></status>
</kw>
<kw name="Element Should Contain Text" library="AppiumLibrary">
<doc>Verifies element identified by ``locator`` contains text ``expected``.</doc>
<arguments>
<arg>labelView</arg>
<arg>Olet normaalipainoinen</arg>
</arguments>
<msg timestamp="20200415 10:01:38.680" level="INFO">Verifying element 'labelView' contains text 'Olet normaalipainoinen'.</msg>
<status status="PASS" starttime="20200415 10:01:38.675" endtime="20200415 10:01:38.823"></status>
</kw>
<kw name="Element Should Be Visible" library="AppiumLibrary">
<doc>Verifies that element identified with locator is visible.</doc>
<arguments>
<arg>imageView2</arg>
</arguments>
<status status="PASS" starttime="20200415 10:01:38.823" endtime="20200415 10:01:38.902"></status>
</kw>
<status status="PASS" starttime="20200415 10:01:37.326" endtime="20200415 10:01:38.903"></status>
</kw>
<kw name="Press Arrow">
<kw name="Click Element" library="AppiumLibrary">
<doc>Click element identified by `locator`.</doc>
<arguments>
<arg>class=android.widget.ImageButton</arg>
</arguments>
<msg timestamp="20200415 10:01:38.905" level="INFO">Clicking element 'class=android.widget.ImageButton'.</msg>
<status status="PASS" starttime="20200415 10:01:38.904" endtime="20200415 10:01:39.011"></status>
</kw>
<status status="PASS" starttime="20200415 10:01:38.903" endtime="20200415 10:01:39.012"></status>
</kw>
<kw name="Close Application" library="AppiumLibrary" type="teardown">
<doc>Closes the current application and also close webdriver session.</doc>
<status status="PASS" starttime="20200415 10:01:39.014" endtime="20200415 10:01:39.340"></status>
</kw>
<status status="PASS" starttime="20200415 10:01:23.058" endtime="20200415 10:01:39.340" critical="yes"></status>
</test>
<test id="s1-t5" name="Fifth Test Case">
<kw name="Open My Application" type="setup">
<kw name="Open Application" library="AppiumLibrary">
<doc>Opens a new application to given Appium server.
Capabilities of appium server, Android and iOS,
Please check https://github.com/appium/appium/blob/master/docs/en/writing-running-appium/server-args.md
| *Option*            | *Man.* | *Description*     |
| remote_url          | Yes    | Appium server url |
| alias               | no     | alias             |</doc>
<arguments>
<arg>http://localhost:4723/wd/hub</arg>
<arg>platformName=Android</arg>
<arg>platformVersion=8.0.0</arg>
<arg>deviceName= 8NH4C17214000986</arg>
<arg>automationName=uiautomator2</arg>
<arg>app=C:/Users/honka/AndroidStudioProjects/BMIApp/app/build/outputs/apk/debug/app-debug.apk</arg>
<arg>appPackage=fi.example.bmiapp</arg>
<arg>appActivity=fi.example.bmiappesp.MainActivity</arg>
<arg>skipDeviceInitialization=true</arg>
<arg>noReset=true</arg>
</arguments>
<status status="PASS" starttime="20200415 10:01:39.343" endtime="20200415 10:01:51.684"></status>
</kw>
<status status="PASS" starttime="20200415 10:01:39.343" endtime="20200415 10:01:51.684"></status>
</kw>
<kw name="Valid inputs at once">
<kw name="Wait Until Page Contains" library="AppiumLibrary">
<doc>Waits until `text` appears on current page.</doc>
<arguments>
<arg>editPituus</arg>
</arguments>
<status status="PASS" starttime="20200415 10:01:51.687" endtime="20200415 10:01:51.933"></status>
</kw>
<kw name="Input Text" library="AppiumLibrary">
<doc>Types the given `text` into text field identified by `locator`.</doc>
<arguments>
<arg>editPituus</arg>
<arg>160</arg>
</arguments>
<msg timestamp="20200415 10:01:51.936" level="INFO">Typing text '160' into text field 'editPituus'</msg>
<status status="PASS" starttime="20200415 10:01:51.933" endtime="20200415 10:01:52.180"></status>
</kw>
<kw name="Input Text" library="AppiumLibrary">
<doc>Types the given `text` into text field identified by `locator`.</doc>
<arguments>
<arg>editPaino</arg>
<arg>35</arg>
</arguments>
<msg timestamp="20200415 10:01:52.185" level="INFO">Typing text '35' into text field 'editPaino'</msg>
<status status="PASS" starttime="20200415 10:01:52.181" endtime="20200415 10:01:52.819"></status>
</kw>
<kw name="Tap" library="AppiumLibrary">
<doc>Tap element identified by ``locator``.</doc>
<arguments>
<arg>laskeButton</arg>
</arguments>
<status status="PASS" starttime="20200415 10:01:52.819" endtime="20200415 10:01:53.529"></status>
</kw>
<status status="PASS" starttime="20200415 10:01:51.686" endtime="20200415 10:01:53.529"></status>
</kw>
<kw name="Validate last Case">
<kw name="Wait Until Page Contains" library="AppiumLibrary">
<doc>Waits until `text` appears on current page.</doc>
<arguments>
<arg>tulosTitleView</arg>
</arguments>
<status status="PASS" starttime="20200415 10:01:53.530" endtime="20200415 10:01:54.719"></status>
</kw>
<kw name="Element Text Should Be" library="AppiumLibrary">
<doc>Verifies element identified by ``locator`` exactly contains text ``expected``.</doc>
<arguments>
<arg>resultView</arg>
<arg>13,7</arg>
</arguments>
<msg timestamp="20200415 10:01:54.723" level="INFO">Verifying element 'resultView' contains exactly text '13,7'.</msg>
<status status="PASS" starttime="20200415 10:01:54.719" endtime="20200415 10:01:54.870"></status>
</kw>
<kw name="Element Should Contain Text" library="AppiumLibrary">
<doc>Verifies element identified by ``locator`` contains text ``expected``.</doc>
<arguments>
<arg>labelView</arg>
<arg>Olet alipainoinen</arg>
</arguments>
<msg timestamp="20200415 10:01:54.875" level="INFO">Verifying element 'labelView' contains text 'Olet alipainoinen'.</msg>
<kw name="Capture Page Screenshot" library="AppiumLibrary">
<doc>Takes a screenshot of the current page and embeds it into the log.</doc>
<msg timestamp="20200415 10:01:55.863" level="INFO" html="yes">&lt;/td&gt;&lt;/tr&gt;&lt;tr&gt;&lt;td colspan="3"&gt;&lt;a href="appium-screenshot-1.png"&gt;&lt;img src="appium-screenshot-1.png" width="800px"&gt;&lt;/a&gt;</msg>
<status status="PASS" starttime="20200415 10:01:55.002" endtime="20200415 10:01:55.863"></status>
</kw>
<msg timestamp="20200415 10:01:55.866" level="FAIL">Element 'labelView' should have contained text 'Olet alipainoinen' but its text was '
 

Normaali painosi tulisi olla: 
47,4 - 64 kg.

Normaalipainoon - 12,4 kg.'.</msg>
<status status="FAIL" starttime="20200415 10:01:54.871" endtime="20200415 10:01:55.866"></status>
</kw>
<status status="FAIL" starttime="20200415 10:01:53.530" endtime="20200415 10:01:55.866"></status>
</kw>
<kw name="Close Application" library="AppiumLibrary" type="teardown">
<doc>Closes the current application and also close webdriver session.</doc>
<status status="PASS" starttime="20200415 10:01:55.867" endtime="20200415 10:01:56.214"></status>
</kw>
<status status="FAIL" starttime="20200415 10:01:39.342" endtime="20200415 10:01:56.215" critical="yes">Element 'labelView' should have contained text 'Olet alipainoinen' but its text was '
 

Normaali painosi tulisi olla: 
47,4 - 64 kg.

Normaalipainoon - 12,4 kg.'.</status>
</test>
<status status="FAIL" starttime="20200415 10:00:37.593" endtime="20200415 10:01:56.216"></status>
</suite>
<statistics>
<total>
<stat pass="4" fail="1">Critical Tests</stat>
<stat pass="4" fail="1">All Tests</stat>
</total>
<tag>
</tag>
<suite>
<stat pass="4" fail="1" id="s1" name="rfAppium">rfAppium</stat>
</suite>
</statistics>
<errors>
</errors>
</robot>
